<?xml version="1.0" encoding="UTF-8"?>
<!-- Generated by org.testng.reporters.JUnitReportReporter -->
<testsuite hostname="THB-ARG-455.local" failures="0" tests="7" name="insider.InsiderDemo.TestInsider" time="0.006" errors="1" timestamp="2021-09-26T23:54:14 TRT" skipped="6">
  <testcase classname="insider.InsiderDemo.TestInsider" name="initialize" time="0.006">
    <error message="/Users/maltunbas/git/InsiderSeleniumCase\src\main\java\resources\data.properties (No such file or directory)" type="java.io.FileNotFoundException">
      <![CDATA[java.io.FileNotFoundException: /Users/maltunbas/git/InsiderSeleniumCase\src\main\java\resources\data.properties (No such file or directory)
at java.base/java.io.FileInputStream.open0(Native Method)
at java.base/java.io.FileInputStream.open(FileInputStream.java:211)
at java.base/java.io.FileInputStream.<init>(FileInputStream.java:153)
at java.base/java.io.FileInputStream.<init>(FileInputStream.java:108)
at resources.Base.initializeDriver(Base.java:44)
at insider.InsiderDemo.TestInsider.initialize(TestInsider.java:22)
at java.base/jdk.internal.reflect.NativeMethodAccessorImpl.invoke0(Native Method)
at java.base/jdk.internal.reflect.NativeMethodAccessorImpl.invoke(NativeMethodAccessorImpl.java:78)
at java.base/jdk.internal.reflect.DelegatingMethodAccessorImpl.invoke(DelegatingMethodAccessorImpl.java:43)
at java.base/java.lang.reflect.Method.invoke(Method.java:567)
at org.testng.internal.MethodInvocationHelper.invokeMethod(MethodInvocationHelper.java:132)
at org.testng.internal.MethodInvocationHelper.invokeMethodConsideringTimeout(MethodInvocationHelper.java:61)
at org.testng.internal.ConfigInvoker.invokeConfigurationMethod(ConfigInvoker.java:366)
at org.testng.internal.ConfigInvoker.invokeConfigurations(ConfigInvoker.java:320)
at org.testng.TestRunner.invokeTestConfigurations(TestRunner.java:617)
at org.testng.TestRunner.beforeRun(TestRunner.java:607)
at org.testng.TestRunner.run(TestRunner.java:578)
at org.testng.SuiteRunner.runTest(SuiteRunner.java:384)
at org.testng.SuiteRunner.runSequentially(SuiteRunner.java:378)
at org.testng.SuiteRunner.privateRun(SuiteRunner.java:337)
at org.testng.SuiteRunner.run(SuiteRunner.java:286)
at org.testng.SuiteRunnerWorker.runSuite(SuiteRunnerWorker.java:53)
at org.testng.SuiteRunnerWorker.run(SuiteRunnerWorker.java:96)
at org.testng.TestNG.runSuitesSequentially(TestNG.java:1218)
at org.testng.TestNG.runSuitesLocally(TestNG.java:1140)
at org.testng.TestNG.runSuites(TestNG.java:1069)
at org.testng.TestNG.run(TestNG.java:1037)
at org.testng.remote.AbstractRemoteTestNG.run(AbstractRemoteTestNG.java:115)
at org.testng.remote.RemoteTestNG.initAndRun(RemoteTestNG.java:251)
at org.testng.remote.RemoteTestNG.main(RemoteTestNG.java:77)
]]>
    </error>
  </testcase> <!-- initialize -->
  <system-out/>
  <testcase classname="insider.InsiderDemo.TestInsider" name="goUseInsider" time="0.000">
    <skipped/>
  </testcase> <!-- goUseInsider -->
  <system-out/>
  <testcase classname="insider.InsiderDemo.TestInsider" name="goCareerPage" time="0.000">
    <skipped/>
  </testcase> <!-- goCareerPage -->
  <system-out/>
  <testcase classname="insider.InsiderDemo.TestInsider" name="goCareerOpportunities" time="0.000">
    <skipped/>
  </testcase> <!-- goCareerOpportunities -->
  <system-out/>
  <testcase classname="insider.InsiderDemo.TestInsider" name="checkAllJobs" time="0.000">
    <skipped/>
  </testcase> <!-- checkAllJobs -->
  <system-out/>
  <testcase classname="insider.InsiderDemo.TestInsider" name="selectAPosition" time="0.000">
    <skipped/>
  </testcase> <!-- selectAPosition -->
  <system-out/>
  <testcase classname="insider.InsiderDemo.TestInsider" name="applyJob" time="0.000">
    <skipped/>
  </testcase> <!-- applyJob -->
  <system-out/>
</testsuite> <!-- insider.InsiderDemo.TestInsider -->
